2020-07-23 15:44:40,788 [Worker-5: Loading available Gradle versions] INFO  o.e.b.c.i.u.g.PublishedGradleVersions - Gradle version information cache is up-to-date. Trying to read.
2020-07-23 15:45:17,969 [Worker-8: Building] INFO  o.e.m.c.i.l.LifecycleMappingFactory - Using org.eclipse.m2e.jdt.JarLifecycleMapping lifecycle mapping for MavenProject: SeleniumJavaFramework:SeleniumJavaFramework:0.0.1-SNAPSHOT @ C:\Users\Arshi\Documents\GitHub\MyAutoPractice\SeleniumJavaFramework\pom.xml.
2020-07-23 15:45:19,801 [Worker-8: Building] WARN  o.e.m.c.i.embedder.EclipseLogger - Using platform encoding (Cp1252 actually) to copy filtered resources, i.e. build is platform dependent!
2020-07-23 15:45:19,829 [Worker-8: Building] INFO  o.e.m.c.i.embedder.EclipseLogger - skip non existing resourceDirectory C:\Users\Arshi\Documents\GitHub\MyAutoPractice\SeleniumJavaFramework\src\main\resources
2020-07-23 15:45:20,409 [Worker-0: Updating Maven Dependencies] INFO  o.e.m.c.i.l.LifecycleMappingFactory - Using org.eclipse.m2e.jdt.JarLifecycleMapping lifecycle mapping for MavenProject: SeleniumJavaFramework:SeleniumJavaFramework:0.0.1-SNAPSHOT @ C:\Users\Arshi\Documents\GitHub\MyAutoPractice\SeleniumJavaFramework\pom.xml.
2020-07-23 15:45:20,416 [Worker-8: Building] WARN  o.e.m.c.i.embedder.EclipseLogger - Using platform encoding (Cp1252 actually) to copy filtered resources, i.e. build is platform dependent!
2020-07-23 15:45:20,446 [Worker-8: Building] INFO  o.e.m.c.i.embedder.EclipseLogger - skip non existing resourceDirectory C:\Users\Arshi\Documents\GitHub\MyAutoPractice\SeleniumJavaFramework\src\test\resources
2020-07-23 15:45:21,655 [Worker-1: Building] WARN  o.e.m.c.i.embedder.EclipseLogger - Using platform encoding (Cp1252 actually) to copy filtered resources, i.e. build is platform dependent!
2020-07-23 15:45:21,683 [Worker-1: Building] INFO  o.e.m.c.i.embedder.EclipseLogger - skip non existing resourceDirectory C:\Users\Arshi\Documents\GitHub\MyAutoPractice\SeleniumJavaFramework\src\main\resources
2020-07-23 15:45:21,685 [Worker-1: Building] WARN  o.e.m.c.i.embedder.EclipseLogger - Using platform encoding (Cp1252 actually) to copy filtered resources, i.e. build is platform dependent!
2020-07-23 15:45:21,755 [Worker-1: Building] INFO  o.e.m.c.i.embedder.EclipseLogger - skip non existing resourceDirectory C:\Users\Arshi\Documents\GitHub\MyAutoPractice\SeleniumJavaFramework\src\test\resources
2020-07-23 16:05:54,223 [Worker-10: Building] WARN  o.e.m.c.i.embedder.EclipseLogger - Using platform encoding (Cp1252 actually) to copy filtered resources, i.e. build is platform dependent!
2020-07-23 16:05:54,238 [Worker-10: Building] INFO  o.e.m.c.i.embedder.EclipseLogger - skip non existing resourceDirectory C:\Users\Arshi\Documents\GitHub\MyAutoPractice\SeleniumJavaFramework\src\main\resources
2020-07-23 16:05:54,238 [Worker-10: Building] WARN  o.e.m.c.i.embedder.EclipseLogger - Using platform encoding (Cp1252 actually) to copy filtered resources, i.e. build is platform dependent!
2020-07-23 16:05:54,238 [Worker-10: Building] INFO  o.e.m.c.i.embedder.EclipseLogger - skip non existing resourceDirectory C:\Users\Arshi\Documents\GitHub\MyAutoPractice\SeleniumJavaFramework\src\test\resources
2020-07-23 16:12:16,770 [Worker-1: Building] INFO  o.e.m.c.i.l.LifecycleMappingFactory - Using org.eclipse.m2e.jdt.JarLifecycleMapping lifecycle mapping for MavenProject: SeleniumJavaFramework:SeleniumJavaFramework:0.0.1-SNAPSHOT @ C:\Users\Arshi\Documents\GitHub\MyAutoPractice\SeleniumJavaFramework\pom.xml.
2020-07-23 16:12:17,592 [Worker-1: Building] WARN  o.e.m.c.i.embedder.EclipseLogger - Using platform encoding (Cp1252 actually) to copy filtered resources, i.e. build is platform dependent!
2020-07-23 16:12:17,598 [Worker-1: Building] INFO  o.e.m.c.i.embedder.EclipseLogger - skip non existing resourceDirectory C:\Users\Arshi\Documents\GitHub\MyAutoPractice\SeleniumJavaFramework\src\main\resources
2020-07-23 16:12:17,598 [Worker-1: Building] WARN  o.e.m.c.i.embedder.EclipseLogger - Using platform encoding (Cp1252 actually) to copy filtered resources, i.e. build is platform dependent!
2020-07-23 16:12:17,614 [Worker-1: Building] INFO  o.e.m.c.i.embedder.EclipseLogger - skip non existing resourceDirectory C:\Users\Arshi\Documents\GitHub\MyAutoPractice\SeleniumJavaFramework\src\test\resources
2020-07-23 16:13:15,441 [Worker-1: Building] WARN  o.e.m.c.i.embedder.EclipseLogger - Using platform encoding (Cp1252 actually) to copy filtered resources, i.e. build is platform dependent!
2020-07-23 16:13:15,534 [Worker-1: Building] INFO  o.e.m.c.i.embedder.EclipseLogger - skip non existing resourceDirectory C:\Users\Arshi\Documents\GitHub\MyAutoPractice\SeleniumJavaFramework\src\main\resources
2020-07-23 16:13:15,542 [Worker-1: Building] WARN  o.e.m.c.i.embedder.EclipseLogger - Using platform encoding (Cp1252 actually) to copy filtered resources, i.e. build is platform dependent!
2020-07-23 16:13:15,554 [Worker-1: Building] INFO  o.e.m.c.i.embedder.EclipseLogger - skip non existing resourceDirectory C:\Users\Arshi\Documents\GitHub\MyAutoPractice\SeleniumJavaFramework\src\test\resources
2020-07-23 16:13:59,362 [Worker-14: Launching TestNG_Demo] WARN  o.e.m.c.i.embedder.EclipseLogger - Using platform encoding (Cp1252 actually) to copy filtered resources, i.e. build is platform dependent!
2020-07-23 16:13:59,409 [Worker-14: Launching TestNG_Demo] INFO  o.e.m.c.i.embedder.EclipseLogger - skip non existing resourceDirectory C:\Users\Arshi\Documents\GitHub\MyAutoPractice\SeleniumJavaFramework\src\main\resources
2020-07-23 16:13:59,425 [Worker-14: Launching TestNG_Demo] WARN  o.e.m.c.i.embedder.EclipseLogger - Using platform encoding (Cp1252 actually) to copy filtered resources, i.e. build is platform dependent!
2020-07-23 16:13:59,463 [Worker-14: Launching TestNG_Demo] INFO  o.e.m.c.i.embedder.EclipseLogger - skip non existing resourceDirectory C:\Users\Arshi\Documents\GitHub\MyAutoPractice\SeleniumJavaFramework\src\test\resources
2020-07-23 16:15:13,140 [Worker-14: Building] WARN  o.e.m.c.i.embedder.EclipseLogger - Using platform encoding (Cp1252 actually) to copy filtered resources, i.e. build is platform dependent!
2020-07-23 16:15:13,156 [Worker-14: Building] INFO  o.e.m.c.i.embedder.EclipseLogger - skip non existing resourceDirectory C:\Users\Arshi\Documents\GitHub\MyAutoPractice\SeleniumJavaFramework\src\main\resources
2020-07-23 16:15:13,156 [Worker-14: Building] WARN  o.e.m.c.i.embedder.EclipseLogger - Using platform encoding (Cp1252 actually) to copy filtered resources, i.e. build is platform dependent!
2020-07-23 16:15:13,163 [Worker-14: Building] INFO  o.e.m.c.i.embedder.EclipseLogger - skip non existing resourceDirectory C:\Users\Arshi\Documents\GitHub\MyAutoPractice\SeleniumJavaFramework\src\test\resources
2020-07-23 16:16:45,028 [Worker-2: Loading available Gradle versions] INFO  o.e.b.c.i.u.g.PublishedGradleVersions - Gradle version information cache is up-to-date. Trying to read.
2020-07-23 16:20:36,715 [Worker-12: Building] WARN  o.e.m.c.i.embedder.EclipseLogger - Using platform encoding (Cp1252 actually) to copy filtered resources, i.e. build is platform dependent!
2020-07-23 16:20:36,728 [Worker-12: Building] INFO  o.e.m.c.i.embedder.EclipseLogger - skip non existing resourceDirectory C:\Users\Arshi\Documents\GitHub\MyAutoPractice\SeleniumJavaFramework\src\main\resources
2020-07-23 16:20:36,732 [Worker-12: Building] WARN  o.e.m.c.i.embedder.EclipseLogger - Using platform encoding (Cp1252 actually) to copy filtered resources, i.e. build is platform dependent!
2020-07-23 16:20:36,747 [Worker-12: Building] INFO  o.e.m.c.i.embedder.EclipseLogger - Copying 0 resource
2020-07-23 16:21:30,074 [Worker-10: Building] WARN  o.e.m.c.i.embedder.EclipseLogger - Using platform encoding (Cp1252 actually) to copy filtered resources, i.e. build is platform dependent!
2020-07-23 16:21:30,096 [Worker-10: Building] INFO  o.e.m.c.i.embedder.EclipseLogger - Copying 0 resource
2020-07-23 16:21:30,098 [Worker-10: Building] WARN  o.e.m.c.i.embedder.EclipseLogger - Using platform encoding (Cp1252 actually) to copy filtered resources, i.e. build is platform dependent!
2020-07-23 16:21:30,124 [Worker-10: Building] INFO  o.e.m.c.i.embedder.EclipseLogger - Copying 0 resource
2020-07-23 16:26:13,729 [Worker-2: Loading available Gradle versions] INFO  o.e.b.c.i.u.g.PublishedGradleVersions - Gradle version information cache is up-to-date. Trying to read.
2020-07-23 16:26:17,389 [Worker-5: Building] WARN  o.e.m.c.i.embedder.EclipseLogger - Using platform encoding (Cp1252 actually) to copy filtered resources, i.e. build is platform dependent!
2020-07-23 16:26:17,411 [Worker-5: Building] INFO  o.e.m.c.i.embedder.EclipseLogger - Copying 0 resource
2020-07-23 16:26:17,411 [Worker-5: Building] WARN  o.e.m.c.i.embedder.EclipseLogger - Using platform encoding (Cp1252 actually) to copy filtered resources, i.e. build is platform dependent!
2020-07-23 16:26:17,431 [Worker-5: Building] INFO  o.e.m.c.i.embedder.EclipseLogger - Copying 0 resource
